<?xml version="1.0" encoding="UTF-8"?>
<!-- Generated by org.testng.reporters.JUnitReportReporter -->
<testsuite hostname="Radhey" failures="0" tests="1" name="com.rsp.login.LoginPage" time="10.520" errors="0" timestamp="03 May 2023 07:32:44 GMT" skipped="0">
  <testcase classname="com.rsp.login.LoginPage" name="test01" time="10.520"/>
</testsuite> <!-- com.rsp.login.LoginPage -->
