<?xml version="1.0" encoding="UTF-8"?>
<!-- Generated by org.testng.reporters.JUnitReportReporter -->
<testsuite hostname="Radhey" failures="0" tests="1" name="com.rsp.testpage.TestPage" time="1.194" errors="0" timestamp="03 May 2023 09:46:05 GMT" skipped="0">
  <testcase classname="com.rsp.testpage.TestPage" name="test01" time="1.194"/>
</testsuite> <!-- com.rsp.testpage.TestPage -->
