<?xml version="1.0" encoding="UTF-8"?>
<!-- Generated by org.testng.reporters.JUnitReportReporter -->
<testsuite hostname="Radhey" failures="0" tests="3" name="com.rsp.testpage.UserLogin" time="3.456" errors="0" timestamp="06 May 2023 15:27:17 GMT" skipped="0">
  <testcase classname="com.rsp.testpage.UserLogin" name="Test01" time="1.258"/>
  <testcase classname="com.rsp.testpage.UserLogin" name="Test03" time="0.316"/>
  <testcase classname="com.rsp.testpage.UserLogin" name="Test02" time="1.882"/>
</testsuite> <!-- com.rsp.testpage.UserLogin -->
